This is TeX, Version 3.1415926 (TeX Live 2013) (format=tex 2013.10.13)  11 NOV 2013 08:14
**usermanual.texi
(./usermanual.texi (/usr/texlive/2013/texmf-dist/tex/texinfo/texinfo.tex Loadin
g texinfo [version 2013-09-11.11]:
\bindingoffset=\dimen16
\normaloffset=\dimen17
\pagewidth=\dimen18
\pageheight=\dimen19
\outerhsize=\dimen20
\outervsize=\dimen21
\cornerlong=\dimen22
\cornerthick=\dimen23
\topandbottommargin=\dimen24
\headlinebox=\box16
\footlinebox=\box17
\margin=\insert252
\EMsimple=\toks12
\groupbox=\box18
\groupinvalidhelp=\toks13
\mil=\dimen25
\exdentamount=\skip18
\inmarginspacing=\skip19
\centerpenalty=\count26
pdf,
\tempnum=\count27
\lnkcount=\count28
\filename=\toks14
\filenamelength=\count29
\pgn=\count30
\toksA=\toks15
\toksB=\toks16
\toksC=\toks17
\toksD=\toks18
\boxA=\box19
\countA=\count31
\nopdfimagehelp=\toks19
fonts,
\sffam=\fam8
\textleading=\dimen26
markup,
\fontdepth=\count32
glyphs,
\errorbox=\box20
page headings,
\titlepagetopglue=\skip20
\titlepagebottomglue=\skip21
\evenheadline=\toks20
\oddheadline=\toks21
\evenfootline=\toks22
\oddfootline=\toks23
tables,
\tableindent=\dimen27
\itemindent=\dimen28
\itemmargin=\dimen29
\itemmax=\dimen30
\itemno=\count33
\multitableparskip=\skip22
\multitableparindent=\skip23
\multitablecolspace=\dimen31
\multitablelinespace=\skip24
\colcount=\count34
\everytab=\toks24
conditionals,
\doignorecount=\count35
indexing,
\whatsitskip=\skip25
\whatsitpenalty=\count36
\secondaryindent=\skip26
\partialpage=\box21
\doublecolumnhsize=\dimen32
sectioning,
\unnumberedno=\count37
\chapno=\count38
\secno=\count39
\subsecno=\count40
\subsubsecno=\count41
\appendixno=\count42
\absseclevel=\count43
\secbase=\count44
\chapheadingskip=\skip27
\secheadingskip=\skip28
\subsecheadingskip=\skip29
toc,
\tocfile=\write0
\contentsrightmargin=\skip30
\savepageno=\count45
\lastnegativepageno=\count46
\tocindent=\dimen33
environments,
\lispnarrowing=\skip31
\envskipamount=\skip32
\circthick=\dimen34
\cartouter=\dimen35
\cartinner=\dimen36
\normbskip=\skip33
\normpskip=\skip34
\normlskip=\skip35
\lskip=\skip36
\rskip=\skip37
\nonfillparindent=\dimen37
\tabw=\dimen38
\verbbox=\box22
defuns,
\defbodyindent=\skip38
\defargsindent=\skip39
\deflastargmargin=\skip40
\defunpenalty=\count47
\parencount=\count48
\brackcount=\count49
macros,
\macscribble=\write1
\paramno=\count50
\macname=\toks25
cross references,
\auxfile=\write2
\savesfregister=\count51
\toprefbox=\box23
\printedrefnamebox=\box24
\infofilenamebox=\box25
\printedmanualbox=\box26
insertions,
\footnoteno=\count52
\SAVEfootins=\box27
\SAVEmargin=\box28
(/usr/texlive/2013/texmf-dist/tex/generic/epsf/epsf.tex
This is `epsf.tex' v2.7.4 <14 February 2011>
\epsffilein=\read0
\epsfframemargin=\dimen39
\epsfframethickness=\dimen40
\epsfrsize=\dimen41
\epsftmp=\dimen42
\epsftsize=\dimen43
\epsfxsize=\dimen44
\epsfysize=\dimen45
\pspoints=\dimen46
)
\noepsfhelp=\toks26
localization,
\nolanghelp=\toks27
\countUTFx=\count53
\countUTFy=\count54
\countUTFz=\count55
formatting,
\defaultparindent=\dimen47
and turning on texinfo input format.) (./usermanual.aux)
\openout2 = `usermanual.aux'.

@cpindfile=@write3
@fnindfile=@write4
@vrindfile=@write5
@tpindfile=@write6
@kyindfile=@write7
@pgindfile=@write8
[1
\openout3 = `usermanual.cp'.

\openout4 = `usermanual.fn'.

\openout5 = `usermanual.vr'.

\openout6 = `usermanual.tp'.

\openout7 = `usermanual.ky'.

\openout8 = `usermanual.pg'.

] (./usermanual.toc) [-1] [-2] (./usermanual.toc [-3] [-4] [-5] [-6] [-7] [-8] 
[-9] [-10]) [-11] [-12] Chapter 1
\openout0 = `usermanual.toc'.

[1] [2] [3] [4] [5] [6] [7] Chapter 2 [8] [9] [10] [11] [12] [13] [14] [15] [16
] [17] Chapter 3 [18] [19] [20] [21] [22] [23] [24] [25] [26] [27] Chapter 4 [2
8] [29] [30] [31] [32] [33] Chapter 5 [34] Chapter 6 [35] [36] [37] [38] [39] [
40] [41] [42] [43] [44] [45] [46] Chapter 7 [47] [48] [49] [50] [51] [52] [53] 
[54] [55] [56] [57] [58] [59] [60] [61] [62] [63] [64] Chapter 8 [65] [66] [67]
[68] [69] [70] [71] [72] [73] [74] [75] [76] [77] [78] [79] [80] Chapter 9 [81]
[82] [83] [84] Chapter 10 [85] [86] [87] Chapter 11 [88] [89] [90] Chapter 12 [
91] [92] [93] [94] (INDEX) [95] [96] (./usermanual.cps [97] [98] [99] [100]) [1
01] [102] ) 
Here is how much of TeX's memory you used:
 2971 strings out of 497973
 37071 string characters out of 6220732
 66878 words of memory out of 5000000
 3813 multiletter control sequences out of 15000+600000
 32127 words of font info for 112 fonts, out of 8000000 for 9000
 53 hyphenation exceptions out of 8191
 13i,6n,13p,283b,1538s stack positions out of 5000i,500n,10000p,200000b,80000s

Output written on usermanual.dvi (115 pages, 578736 bytes).
